2021-05-05T14:14:43+00:00 CRITICAL Uncaught Error: Undefined constant "STYLESHEETPATH" in C:\xampp\htdocs\wordpress\wp-includes\template.php:663
Stack trace:
#0 C:\xampp\htdocs\wordpress\wp-content\plugins\easy-login-woocommerce\includes\xoo-framework\class-xoo-helper.php(74): locate_template(Array)
#1 C:\xampp\htdocs\wordpress\wp-content\plugins\easy-login-woocommerce\includes\xoo-framework\class-xoo-helper.php(42): Xoo_Helper->locate_template('/global/inline-...', '')
#2 C:\xampp\htdocs\wordpress\wp-content\plugins\easy-login-woocommerce\includes\class-xoo-el-frontend.php(43): Xoo_Helper->get_template('/global/inline-...')
#3 C:\xampp\htdocs\wordpress\wp-includes\class-wp-hook.php(292): Xoo_El_Frontend->enqueue_styles('')
#4 C:\xampp\htdocs\wordpress\wp-includes\class-wp-hook.php(316): WP_Hook->apply_filters(NULL, Array)
#5 C:\xampp\htdocs\wordpress\wp-includes\plugin.php(484): WP_Hook->do_action(Array)
#6 C:\xampp\htdocs\wordpress\wp-includes\script-loader.php(2027): do_action('wp_enqueue_scri...')
#7 C:\xampp\htdocs\wordpress\wp-includes\class-wp-customize-manager.php(454): wp_enqueue_scripts()
#8 C:\xampp\htdocs\wordpress\wp-includes\class-wp-customize-manager.php(551): WP_Customize_Manager->wp_die(0, 'Non-existent ch...')
#9 C:\xampp\htdocs\wordpress\wp-includes\class-wp-hook.php(292): WP_Customize_Manager->setup_theme('')
#10 C:\xampp\htdocs\wordpress\wp-includes\class-wp-hook.php(316): WP_Hook->apply_filters(NULL, Array)
#11 C:\xampp\htdocs\wordpress\wp-includes\plugin.php(484): WP_Hook->do_action(Array)
#12 C:\xampp\htdocs\wordpress\wp-settings.php(492): do_action('setup_theme')
#13 C:\xampp\htdocs\wordpress\wp-config.php(94): require_once('C:\\xampp\\htdocs...')
#14 C:\xampp\htdocs\wordpress\wp-load.php(37): require_once('C:\\xampp\\htdocs...')
#15 C:\xampp\htdocs\wordpress\wp-blog-header.php(13): require_once('C:\\xampp\\htdocs...')
#16 C:\xampp\htdocs\wordpress\index.php(17): require('C:\\xampp\\htdocs...')
#17 {main}
  thrown in C:\xampp\htdocs\wordpress\wp-includes\template.php on line 663

2021-05-05T14:35:14+00:00 CRITICAL Uncaught Error: Undefined constant "STYLESHEETPATH" in C:\xampp\htdocs\wordpress\wp-includes\template.php:663
Stack trace:
#0 C:\xampp\htdocs\wordpress\wp-content\plugins\easy-login-woocommerce\includes\xoo-framework\class-xoo-helper.php(74): locate_template(Array)
#1 C:\xampp\htdocs\wordpress\wp-content\plugins\easy-login-woocommerce\includes\xoo-framework\class-xoo-helper.php(42): Xoo_Helper->locate_template('/global/inline-...', '')
#2 C:\xampp\htdocs\wordpress\wp-content\plugins\easy-login-woocommerce\includes\class-xoo-el-frontend.php(43): Xoo_Helper->get_template('/global/inline-...')
#3 C:\xampp\htdocs\wordpress\wp-includes\class-wp-hook.php(292): Xoo_El_Frontend->enqueue_styles('')
#4 C:\xampp\htdocs\wordpress\wp-includes\class-wp-hook.php(316): WP_Hook->apply_filters(NULL, Array)
#5 C:\xampp\htdocs\wordpress\wp-includes\plugin.php(484): WP_Hook->do_action(Array)
#6 C:\xampp\htdocs\wordpress\wp-includes\script-loader.php(2027): do_action('wp_enqueue_scri...')
#7 C:\xampp\htdocs\wordpress\wp-includes\class-wp-customize-manager.php(454): wp_enqueue_scripts()
#8 C:\xampp\htdocs\wordpress\wp-includes\class-wp-customize-manager.php(551): WP_Customize_Manager->wp_die(0, 'Non-existent ch...')
#9 C:\xampp\htdocs\wordpress\wp-includes\class-wp-hook.php(292): WP_Customize_Manager->setup_theme('')
#10 C:\xampp\htdocs\wordpress\wp-includes\class-wp-hook.php(316): WP_Hook->apply_filters(NULL, Array)
#11 C:\xampp\htdocs\wordpress\wp-includes\plugin.php(484): WP_Hook->do_action(Array)
#12 C:\xampp\htdocs\wordpress\wp-settings.php(492): do_action('setup_theme')
#13 C:\xampp\htdocs\wordpress\wp-config.php(94): require_once('C:\\xampp\\htdocs...')
#14 C:\xampp\htdocs\wordpress\wp-load.php(37): require_once('C:\\xampp\\htdocs...')
#15 C:\xampp\htdocs\wordpress\wp-blog-header.php(13): require_once('C:\\xampp\\htdocs...')
#16 C:\xampp\htdocs\wordpress\index.php(17): require('C:\\xampp\\htdocs...')
#17 {main}
  thrown in C:\xampp\htdocs\wordpress\wp-includes\template.php on line 663

