2021-05-04T15:06:28+00:00 CRITICAL Uncaught Error: Call to a member function get_cart_contents_count() on null in C:\xampp\htdocs\wordpress\wp-content\themes\neve\header-footer-grid\templates\components\component-cart-icon.php:20
Stack trace:
#0 C:\xampp\htdocs\wordpress\wp-includes\template.php(732): require()
#1 C:\xampp\htdocs\wordpress\wp-content\themes\neve\header-footer-grid\Main.php(178): load_template('C:\\xampp\\htdocs...', false)
#2 C:\xampp\htdocs\wordpress\wp-content\themes\neve\header-footer-grid\Core\Components\CartIcon.php(268): HFG\Main->load('components/comp...')
#3 C:\xampp\htdocs\wordpress\wp-content\themes\neve\header-footer-grid\templates\component-wrapper.php(34): HFG\Core\Components\CartIcon->render_component()
#4 C:\xampp\htdocs\wordpress\wp-includes\template.php(732): require('C:\\xampp\\htdocs...')
#5 C:\xampp\htdocs\wordpress\wp-content\themes\neve\header-footer-grid\Main.php(178): load_template('C:\\xampp\\htdocs...', false)
#6 C:\xampp\htdocs\wordpress\wp-content\themes\neve\header-footer-grid\Core\Components\Abstract_Component.php(631): HFG\Main->load('component-wrapp...')
#7 C:\xampp\htdocs\wordpress\wp-content\themes\neve\header-footer-grid\Core\Builder\Abstract_Builder.php(1132): HFG\Core\Components\Abstract_Component->render()
#8 C:\xampp\htdocs\wordpress\wp-content\themes\neve\header-footer-grid\functions-template.php(46): HFG\Core\Builder\Abstract_Builder->render_components('desktop', NULL)
#9 C:\xampp\htdocs\wordpress\wp-content\themes\neve\header-footer-grid\templates\row-wrapper.php(52): HFG\render_components()
#10 C:\xampp\htdocs\wordpress\wp-includes\template.php(732): require('C:\\xampp\\htdocs...')
#11 C:\xampp\htdocs\wordpress\wp-content\themes\neve\header-footer-grid\Main.php(196): load_template('C:\\xampp\\htdocs...', false)
#12 C:\xampp\htdocs\wordpress\wp-content\themes\neve\header-footer-grid\Core\Builder\Header.php(157): HFG\Main->load('row-wrapper', 'bottom')
#13 C:\xampp\htdocs\wordpress\wp-content\themes\neve\header-footer-grid\Core\Builder\Abstract_Builder.php(928): HFG\Core\Builder\Header->render_row('desktop', 'bottom', Array)
#14 C:\xampp\htdocs\wordpress\wp-content\themes\neve\header-footer-grid\Core\Builder\Abstract_Builder.php(644): HFG\Core\Builder\Abstract_Builder->render_device('desktop', Array)
#15 C:\xampp\htdocs\wordpress\wp-content\themes\neve\header-footer-grid\functions-template.php(35): HFG\Core\Builder\Abstract_Builder->render()
#16 C:\xampp\htdocs\wordpress\wp-content\themes\neve\header-footer-grid\templates\header-wrapper.php(18): HFG\render_builder('header')
#17 C:\xampp\htdocs\wordpress\wp-includes\template.php(732): require('C:\\xampp\\htdocs...')
#18 C:\xampp\htdocs\wordpress\wp-content\themes\neve\header-footer-grid\Main.php(178): load_template('C:\\xampp\\htdocs...', false)
#19 C:\xampp\htdocs\wordpress\wp-content\themes\neve\header-footer-grid\Core\Builder\Header.php(130): HFG\Main->load('header-wrapper')
#20 C:\xampp\htdocs\wordpress\wp-includes\class-wp-hook.php(292): HFG\Core\Builder\Header->load_template('')
#21 C:\xampp\htdocs\wordpress\wp-includes\class-wp-hook.php(316): WP_Hook->apply_filters('', Array)
#22 C:\xampp\htdocs\wordpress\wp-includes\plugin.php(484): WP_Hook->do_action(Array)
#23 C:\xampp\htdocs\wordpress\wp-content\themes\neve\header-footer-grid\loader.php(50): do_action('hfg_header_rend...')
#24 C:\xampp\htdocs\wordpress\wp-includes\class-wp-hook.php(292): {closure}('')
#25 C:\xampp\htdocs\wordpress\wp-includes\class-wp-hook.php(316): WP_Hook->apply_filters('', Array)
#26 C:\xampp\htdocs\wordpress\wp-includes\plugin.php(484): WP_Hook->do_action(Array)
#27 C:\xampp\htdocs\wordpress\wp-content\themes\neve\header.php(92): do_action('neve_do_header')
#28 C:\xampp\htdocs\wordpress\wp-includes\template.php(730): require_once('C:\\xampp\\htdocs...')
#29 C:\xampp\htdocs\wordpress\wp-includes\template.php(676): load_template('C:\\xampp\\htdocs...', true, Array)
#30 C:\xampp\htdocs\wordpress\wp-includes\general-template.php(48): locate_template(Array, true, true, Array)
#31 C:\xampp\htdocs\wordpress\wp-content\themes\neve\404.php(8): get_header()
#32 C:\xampp\htdocs\wordpress\wp-includes\template-loader.php(106): include('C:\\xampp\\htdocs...')
#33 C:\xampp\htdocs\wordpress\wp-blog-header.php(19): require_once('C:\\xampp\\htdocs...')
#34 C:\xampp\htdocs\wordpress\index.php(17): require('C:\\xampp\\htdocs...')
#35 {main}
  thrown in C:\xampp\htdocs\wordpress\wp-content\themes\neve\header-footer-grid\templates\components\component-cart-icon.php on line 20

