2021-05-04T01:40:41+00:00 NOTICE sync_store :: posting data :: Array
(
    [store_post] => Array
        (
            [id] => 608ecf4cd9dcb
            [is_syncing] => 
            [platform] => woocommerce
            [list_id] => 3e5993d8cd
            [name] => Woo Commerce
            [domain] => http://localhost:8888/wordpress
            [email_address] => 18520093@gm.uit.edu.vn
            [currency_code] => VND
            [money_format] => ₫
            [primary_locale] => en_US
            [timezone] => +07:00
            [phone] => 0937229340
            [address] => Array
                (
                    [address1] => UIT
                    [city] => Ho Chi Minh
                    [province] => Ho Chi Minh
                    [postal_code] => 71308
                    [country] => VN
                    [country_code] => VN
                    [phone] => 0937229340
                    [company] => Woo Commerce
                )

        )

)

2021-05-04T01:40:44+00:00 NOTICE sync_store :: posting data :: Array
(
    [store_post] => Array
        (
            [id] => 608ecf4cd9dcb
            [is_syncing] => 
            [platform] => woocommerce
            [list_id] => 3e5993d8cd
            [name] => Woo Commerce
            [domain] => http://localhost:8888/wordpress
            [email_address] => 18520093@gm.uit.edu.vn
            [currency_code] => VND
            [money_format] => ₫
            [primary_locale] => en_US
            [timezone] => +07:00
            [phone] => 0937229340
            [address] => Array
                (
                    [address1] => UIT
                    [city] => Ho Chi Minh
                    [province] => Ho Chi Minh
                    [postal_code] => 71308
                    [country] => VN
                    [country_code] => VN
                    [phone] => 0937229340
                    [company] => Woo Commerce
                )

        )

)

2021-05-04T01:40:48+00:00 NOTICE sync_store :: posting data :: Array
(
    [store_post] => Array
        (
            [id] => 608ecf4cd9dcb
            [is_syncing] => 
            [platform] => woocommerce
            [list_id] => 3e5993d8cd
            [name] => Woo Commerce
            [domain] => http://localhost:8888/wordpress
            [email_address] => 18520093@gm.uit.edu.vn
            [currency_code] => VND
            [money_format] => ₫
            [primary_locale] => en_US
            [timezone] => +07:00
            [phone] => 0937229340
            [address] => Array
                (
                    [address1] => UIT
                    [city] => Ho Chi Minh
                    [province] => Ho Chi Minh
                    [postal_code] => 71308
                    [country] => VN
                    [country_code] => VN
                    [phone] => 0937229340
                    [company] => Woo Commerce
                )

        )

)

2021-05-04T01:40:50+00:00 NOTICE mailchimp-woocommerce-sync.started :: Starting Sync :: Tue, May 4, 2021 1:40 AM
2021-05-04T01:40:51+00:00 NOTICE action_scheduler.queue_job :: MailChimp_WooCommerce_Process_Coupons queued :: page 1
2021-05-04T01:41:29+00:00 NOTICE coupon_sync.completed :: Done with the coupon queueing.
2021-05-04T01:41:29+00:00 NOTICE sync.full_sync_manager.queue :: Starting PRODUCTS queueing.
2021-05-04T01:41:29+00:00 NOTICE action_scheduler.queue_job :: MailChimp_WooCommerce_Process_Products queued :: page 1
2021-05-04T01:41:29+00:00 NOTICE action_scheduler.queue_job :: MailChimp_WooCommerce_Process_Products queued :: page 2
2021-05-04T01:41:29+00:00 NOTICE action_scheduler.queue_job :: MailChimp_WooCommerce_Single_Product queued :: obj_id 38
2021-05-04T01:41:31+00:00 NOTICE product_sync.completed :: Done with the product queuing
2021-05-04T01:41:33+00:00 NOTICE product_submit.success :: addStoreProduct :: #38
2021-05-04T01:42:01+00:00 NOTICE action_scheduler.queue_job :: MailChimp_WooCommerce_Process_Orders queued :: page 1
2021-05-04T01:42:03+00:00 NOTICE order_sync.completed :: Done with the order queueing.
2021-05-04T01:42:28+00:00 NOTICE sync.completed :: Finished Sync :: Tue, May 4, 2021 1:42 AM (total time: 00:01:38)
2021-05-04T15:40:59+00:00 NOTICE sync_store :: posting data :: Array
(
    [store_post] => Array
        (
            [id] => 608ecf4cd9dcb
            [is_syncing] => 
            [platform] => woocommerce
            [list_id] => 3e5993d8cd
            [name] => Woo Commerce
            [domain] => http://localhost:8888/wordpress
            [email_address] => 18520093@gm.uit.edu.vn
            [currency_code] => VND
            [money_format] => ₫
            [primary_locale] => en_US
            [timezone] => +07:00
            [phone] => 0937229340
            [address] => Array
                (
                    [address1] => UIT
                    [city] => Ho Chi Minh
                    [province] => Ho Chi Minh
                    [postal_code] => 71308
                    [country] => VN
                    [country_code] => VN
                    [phone] => 0937229340
                    [company] => Woo Commerce
                )

        )

)

2021-05-04T15:41:00+00:00 NOTICE store.sync@woo.update :: Store cannot be synced
2021-05-04T15:51:10+00:00 NOTICE action_scheduler.queue_job :: MailChimp_WooCommerce_Single_Order starts in 90 seconds :: obj_id 117
2021-05-04T15:51:12+00:00 NOTICE action_scheduler.queue_job :: MailChimp_WooCommerce_Cart_Update queued :: obj_id 3f009d72559f51e7e454b16e5d0687a1
2021-05-04T15:51:14+00:00 ERROR abandoned_cart.error :: email: abc@gmail.com :: attempting product update :: API Key Invalid :: API key has been disabled
2021-05-04T15:51:16+00:00 NOTICE debug :: Order ID 117 was pending and is now processing :: Array
(
    [new_order] => 1
    [tracking] => Array
        (
            [campaign_id] => 
            [landing_site] => http://localhost:8888/wordpress/wordpress/wp-admin/edit.php?post_type=page
        )

)

2021-05-04T15:51:16+00:00 NOTICE product_submit.error :: addStoreProduct :: #38 :: Error Code 401 :: API Key Invalid :: API key has been disabled on 1858 in C:\xampp\htdocs\wordpress\wp-content\plugins\mailchimp-for-woocommerce\includes\api\class-mailchimp-api.php
2021-05-04T15:51:16+00:00 ERROR abandoned_cart.error :: Error Code 401 :: API Key Invalid :: API key has been disabled on 1858 in C:\xampp\htdocs\wordpress\wp-content\plugins\mailchimp-for-woocommerce\includes\api\class-mailchimp-api.php
2021-05-04T15:57:35+00:00 ERROR api.list :: Error retrieving list for double_optin check
2021-05-04T15:57:37+00:00 ERROR order_submit.error :: addStoreOrder :: #117 :: Error Code 401 :: API Key Invalid :: API key has been disabled on 1858 in C:\xampp\htdocs\wordpress\wp-content\plugins\mailchimp-for-woocommerce\includes\api\class-mailchimp-api.php
2021-05-04T16:02:21+00:00 NOTICE action_scheduler.queue_job :: MailChimp_WooCommerce_Cart_Update queued :: obj_id 3f009d72559f51e7e454b16e5d0687a1
2021-05-04T16:02:41+00:00 ERROR abandoned_cart.error :: email: abc@gmail.com :: attempting product update :: API Key Invalid :: API key has been disabled
2021-05-04T16:02:42+00:00 NOTICE product_submit.error :: addStoreProduct :: #38 :: Error Code 401 :: API Key Invalid :: API key has been disabled on 1858 in C:\xampp\htdocs\wordpress\wp-content\plugins\mailchimp-for-woocommerce\includes\api\class-mailchimp-api.php
2021-05-04T16:02:42+00:00 ERROR abandoned_cart.error :: Error Code 401 :: API Key Invalid :: API key has been disabled on 1858 in C:\xampp\htdocs\wordpress\wp-content\plugins\mailchimp-for-woocommerce\includes\api\class-mailchimp-api.php
2021-05-04T16:21:22+00:00 NOTICE action_scheduler.queue_job :: MailChimp_WooCommerce_Cart_Update queued :: obj_id 3f009d72559f51e7e454b16e5d0687a1
2021-05-04T16:21:41+00:00 ERROR abandoned_cart.error :: email: abc@gmail.com :: attempting product update :: API Key Invalid :: API key has been disabled
2021-05-04T16:21:43+00:00 NOTICE product_submit.error :: addStoreProduct :: #38 :: Error Code 401 :: API Key Invalid :: API key has been disabled on 1858 in C:\xampp\htdocs\wordpress\wp-content\plugins\mailchimp-for-woocommerce\includes\api\class-mailchimp-api.php
2021-05-04T16:21:43+00:00 ERROR abandoned_cart.error :: Error Code 401 :: API Key Invalid :: API key has been disabled on 1858 in C:\xampp\htdocs\wordpress\wp-content\plugins\mailchimp-for-woocommerce\includes\api\class-mailchimp-api.php
2021-05-04T16:22:49+00:00 NOTICE action_scheduler.queue_job :: MailChimp_WooCommerce_Cart_Update queued :: obj_id 3f009d72559f51e7e454b16e5d0687a1
2021-05-04T16:23:19+00:00 ERROR abandoned_cart.error :: email: abc@gmail.com :: attempting product update :: API Key Invalid :: API key has been disabled
2021-05-04T16:23:20+00:00 NOTICE product_submit.error :: addStoreProduct :: #38 :: Error Code 401 :: API Key Invalid :: API key has been disabled on 1858 in C:\xampp\htdocs\wordpress\wp-content\plugins\mailchimp-for-woocommerce\includes\api\class-mailchimp-api.php
2021-05-04T16:23:20+00:00 ERROR abandoned_cart.error :: Error Code 401 :: API Key Invalid :: API key has been disabled on 1858 in C:\xampp\htdocs\wordpress\wp-content\plugins\mailchimp-for-woocommerce\includes\api\class-mailchimp-api.php
2021-05-04T16:23:55+00:00 NOTICE action_scheduler.queue_job :: MailChimp_WooCommerce_Cart_Update queued :: obj_id fee34e079330ef8ccb481c0558912a81
2021-05-04T16:23:59+00:00 NOTICE action_scheduler.queue_job :: MailChimp_WooCommerce_User_Submit queued :: obj_id 4
2021-05-04T16:25:21+00:00 ERROR abandoned_cart.error :: email: 18520093@gm.uit.edu.vn :: attempting product update :: API Key Invalid :: API key has been disabled
2021-05-04T16:25:23+00:00 NOTICE product_submit.error :: addStoreProduct :: #38 :: Error Code 401 :: API Key Invalid :: API key has been disabled on 1858 in C:\xampp\htdocs\wordpress\wp-content\plugins\mailchimp-for-woocommerce\includes\api\class-mailchimp-api.php
2021-05-04T16:25:23+00:00 ERROR abandoned_cart.error :: Error Code 401 :: API Key Invalid :: API key has been disabled on 1858 in C:\xampp\htdocs\wordpress\wp-content\plugins\mailchimp-for-woocommerce\includes\api\class-mailchimp-api.php
2021-05-04T16:25:24+00:00 ERROR api.list :: Error retrieving list for double_optin check
2021-05-04T16:25:24+00:00 ERROR member.sync :: hoanglong040800@gmail.com :: Error Code 401 :: API Key Invalid :: API key has been disabled on 1858 in C:\xampp\htdocs\wordpress\wp-content\plugins\mailchimp-for-woocommerce\includes\api\class-mailchimp-api.php
2021-05-04T16:25:42+00:00 NOTICE action_scheduler.queue_job :: MailChimp_WooCommerce_Cart_Update queued :: obj_id 99dfca9dd0f650546cae40a4bf934010
2021-05-04T16:26:08+00:00 NOTICE action_scheduler.queue_job :: MailChimp_WooCommerce_User_Submit queued :: obj_id 4
2021-05-04T16:26:09+00:00 NOTICE action_scheduler.queue_job :: MailChimp_WooCommerce_Single_Order starts in 90 seconds :: obj_id 125
2021-05-04T16:26:13+00:00 NOTICE debug :: Order ID 125 was pending and is now processing :: Array
(
    [new_order] => 1
    [tracking] => Array
        (
            [campaign_id] => 
            [landing_site] => http://localhost:8888/wordpress/wordpress/wp-admin/plugins.php?activate=true&plugin_status=all&paged=1&s=
        )

)

2021-05-04T16:26:58+00:00 ERROR abandoned_cart.error :: email: hoanglong040800@gmail.com :: attempting product update :: API Key Invalid :: API key has been disabled
2021-05-04T16:26:59+00:00 NOTICE product_submit.error :: addStoreProduct :: #38 :: Error Code 401 :: API Key Invalid :: API key has been disabled on 1858 in C:\xampp\htdocs\wordpress\wp-content\plugins\mailchimp-for-woocommerce\includes\api\class-mailchimp-api.php
2021-05-04T16:26:59+00:00 ERROR abandoned_cart.error :: Error Code 401 :: API Key Invalid :: API key has been disabled on 1858 in C:\xampp\htdocs\wordpress\wp-content\plugins\mailchimp-for-woocommerce\includes\api\class-mailchimp-api.php
2021-05-04T16:27:00+00:00 ERROR api.list :: Error retrieving list for double_optin check
2021-05-04T16:27:00+00:00 ERROR member.sync :: hoanglong040800@gmail.com :: Error Code 401 :: API Key Invalid :: API key has been disabled on 1858 in C:\xampp\htdocs\wordpress\wp-content\plugins\mailchimp-for-woocommerce\includes\api\class-mailchimp-api.php
2021-05-04T16:28:05+00:00 ERROR api.list :: Error retrieving list for double_optin check
2021-05-04T16:28:07+00:00 ERROR order_submit.error :: addStoreOrder :: #125 :: Error Code 401 :: API Key Invalid :: API key has been disabled on 1858 in C:\xampp\htdocs\wordpress\wp-content\plugins\mailchimp-for-woocommerce\includes\api\class-mailchimp-api.php
2021-05-04T18:46:11+00:00 NOTICE action_scheduler.queue_job :: MailChimp_WooCommerce_Cart_Update queued :: obj_id 99dfca9dd0f650546cae40a4bf934010
2021-05-04T18:46:33+00:00 ERROR abandoned_cart.error :: email: hoanglong040800@gmail.com :: attempting product update :: API Key Invalid :: API key has been disabled
2021-05-04T18:46:34+00:00 NOTICE product_submit.error :: addStoreProduct :: #38 :: Error Code 401 :: API Key Invalid :: API key has been disabled on 1858 in C:\xampp\htdocs\wordpress\wp-content\plugins\mailchimp-for-woocommerce\includes\api\class-mailchimp-api.php
2021-05-04T18:46:34+00:00 ERROR abandoned_cart.error :: Error Code 401 :: API Key Invalid :: API key has been disabled on 1858 in C:\xampp\htdocs\wordpress\wp-content\plugins\mailchimp-for-woocommerce\includes\api\class-mailchimp-api.php
2021-05-04T18:48:16+00:00 NOTICE action_scheduler.queue_job :: MailChimp_WooCommerce_Cart_Update queued :: obj_id 99dfca9dd0f650546cae40a4bf934010
2021-05-04T18:48:41+00:00 ERROR abandoned_cart.error :: email: hoanglong040800@gmail.com :: attempting product update :: API Key Invalid :: API key has been disabled
2021-05-04T18:48:42+00:00 NOTICE product_submit.error :: addStoreProduct :: #38 :: Error Code 401 :: API Key Invalid :: API key has been disabled on 1858 in C:\xampp\htdocs\wordpress\wp-content\plugins\mailchimp-for-woocommerce\includes\api\class-mailchimp-api.php
2021-05-04T18:48:42+00:00 ERROR abandoned_cart.error :: Error Code 401 :: API Key Invalid :: API key has been disabled on 1858 in C:\xampp\htdocs\wordpress\wp-content\plugins\mailchimp-for-woocommerce\includes\api\class-mailchimp-api.php
