2021-05-11T02:14:31+00:00 NOTICE sync_store :: posting data :: Array
(
    [store_post] => Array
        (
            [id] => 608ecf4cd9dcb
            [is_syncing] => 
            [platform] => woocommerce
            [list_id] => 3e5993d8cd
            [name] => Woo Commerce
            [domain] => http://localhost:8888/wordpress
            [email_address] => 18520093@gm.uit.edu.vn
            [currency_code] => VND
            [money_format] => ₫
            [primary_locale] => en_US
            [timezone] => +07:00
            [phone] => 0937229340
            [address] => Array
                (
                    [address1] => UIT
                    [city] => Ho Chi Minh
                    [province] => Ho Chi Minh
                    [postal_code] => 71308
                    [country] => VN
                    [country_code] => VN
                    [phone] => 0937229340
                    [company] => Woo Commerce
                )

        )

)

2021-05-11T02:14:32+00:00 NOTICE store.sync@woo.update :: Store cannot be synced
