2021-05-05T15:01:32+00:00 NOTICE product.delete_fail :: Unable to deleted product 38
2021-05-05T15:22:41+00:00 NOTICE action_scheduler.queue_job :: MailChimp_WooCommerce_Single_Product starts in 5 seconds :: obj_id 221
2021-05-05T15:23:39+00:00 NOTICE product_submit.error :: addStoreProduct :: #221 :: Error Code 401 :: API Key Invalid :: API key has been disabled on 1858 in C:\xampp\htdocs\wordpress\wp-content\plugins\mailchimp-for-woocommerce\includes\api\class-mailchimp-api.php
2021-05-05T15:23:43+00:00 NOTICE action_scheduler.queue_job :: MailChimp_WooCommerce_Single_Product starts in 5 seconds :: obj_id 224
2021-05-05T15:25:04+00:00 NOTICE product_submit.error :: addStoreProduct :: #224 :: Error Code 401 :: API Key Invalid :: API key has been disabled on 1858 in C:\xampp\htdocs\wordpress\wp-content\plugins\mailchimp-for-woocommerce\includes\api\class-mailchimp-api.php
2021-05-05T15:32:21+00:00 NOTICE action_scheduler.queue_job :: MailChimp_WooCommerce_Single_Product starts in 5 seconds :: obj_id 224
2021-05-05T15:32:42+00:00 NOTICE product_submit.error :: addStoreProduct :: #224 :: Error Code 401 :: API Key Invalid :: API key has been disabled on 1858 in C:\xampp\htdocs\wordpress\wp-content\plugins\mailchimp-for-woocommerce\includes\api\class-mailchimp-api.php
2021-05-05T15:34:48+00:00 NOTICE action_scheduler.queue_job :: MailChimp_WooCommerce_Single_Product starts in 5 seconds :: obj_id 224
2021-05-05T15:35:22+00:00 NOTICE product_submit.error :: addStoreProduct :: #224 :: Error Code 401 :: API Key Invalid :: API key has been disabled on 1858 in C:\xampp\htdocs\wordpress\wp-content\plugins\mailchimp-for-woocommerce\includes\api\class-mailchimp-api.php
2021-05-05T15:35:26+00:00 NOTICE action_scheduler.queue_job :: MailChimp_WooCommerce_Single_Product starts in 5 seconds :: obj_id 221
2021-05-05T15:35:46+00:00 NOTICE product_submit.error :: addStoreProduct :: #221 :: Error Code 401 :: API Key Invalid :: API key has been disabled on 1858 in C:\xampp\htdocs\wordpress\wp-content\plugins\mailchimp-for-woocommerce\includes\api\class-mailchimp-api.php
2021-05-05T15:38:48+00:00 NOTICE sync_store :: posting data :: Array
(
    [store_post] => Array
        (
            [id] => 608ecf4cd9dcb
            [is_syncing] => 
            [platform] => woocommerce
            [list_id] => 3e5993d8cd
            [name] => Woo Commerce
            [domain] => http://localhost:8888/wordpress
            [email_address] => 18520093@gm.uit.edu.vn
            [currency_code] => VND
            [money_format] => ₫
            [primary_locale] => en_US
            [timezone] => +07:00
            [phone] => 0937229340
            [address] => Array
                (
                    [address1] => UIT
                    [city] => Ho Chi Minh
                    [province] => Ho Chi Minh
                    [postal_code] => 71308
                    [country] => VN
                    [country_code] => VN
                    [phone] => 0937229340
                    [company] => Woo Commerce
                )

        )

)

2021-05-05T15:38:49+00:00 NOTICE store.sync@woo.update :: Store cannot be synced
2021-05-05T15:48:21+00:00 NOTICE action_scheduler.queue_job :: MailChimp_WooCommerce_Single_Product starts in 5 seconds :: obj_id 224
2021-05-05T15:48:49+00:00 NOTICE product_submit.error :: addStoreProduct :: #224 :: Error Code 401 :: API Key Invalid :: API key has been disabled on 1858 in C:\xampp\htdocs\wordpress\wp-content\plugins\mailchimp-for-woocommerce\includes\api\class-mailchimp-api.php
2021-05-05T15:51:02+00:00 NOTICE action_scheduler.queue_job :: MailChimp_WooCommerce_Single_Product starts in 5 seconds :: obj_id 221
2021-05-05T15:51:55+00:00 NOTICE product_submit.error :: addStoreProduct :: #221 :: Error Code 401 :: API Key Invalid :: API key has been disabled on 1858 in C:\xampp\htdocs\wordpress\wp-content\plugins\mailchimp-for-woocommerce\includes\api\class-mailchimp-api.php
